<?xml version="1.0" encoding="UTF-8"?>
<testng-results ignored="0" total="3" passed="3" failed="0" skipped="0">
  <reporter-output>
  </reporter-output>
  <suite started-at="2020-03-05T13:52:46 IST" name="Sample test Suite" finished-at="2020-03-05T13:53:15 IST" duration-ms="29543">
    <groups>
    </groups>
    <test started-at="2020-03-05T13:52:46 IST" name="Sample test" finished-at="2020-03-05T13:53:15 IST" duration-ms="29543">
      <class name="com.training.sanity.tests.LoginTests">
        <test-method is-config="true" signature="setUpBeforeClass()[pri:0, instance:com.training.sanity.tests.LoginTests@1fe20588]" started-at="2020-03-05T13:52:46 IST" name="setUpBeforeClass" finished-at="2020-03-05T13:53:02 IST" duration-ms="15874" status="PASS">
          <reporter-output>
          </reporter-output>
        </test-method> <!-- setUpBeforeClass -->
        <test-method signature="validLoginTest()[pri:0, instance:com.training.sanity.tests.LoginTests@1fe20588]" started-at="2020-03-05T13:53:02 IST" name="validLoginTest" finished-at="2020-03-05T13:53:05 IST" duration-ms="3898" status="PASS">
          <reporter-output>
          </reporter-output>
        </test-method> <!-- validLoginTest -->
        <test-method is-config="true" signature="teardown(org.testng.ITestResult)[pri:0, instance:com.training.sanity.tests.LoginTests@1fe20588]" started-at="2020-03-05T13:53:05 IST" name="teardown" finished-at="2020-03-05T13:53:06 IST" duration-ms="860" status="PASS">
          <params>
            <param index="0">
              <value>
                <![CDATA[[TestResult name=validLoginTest status=SUCCESS method=LoginTests.validLoginTest()[pri:0, instance:com.training.sanity.tests.LoginTests@1fe20588] output={null}]]]>
              </value>
            </param>
          </params>
          <reporter-output>
          </reporter-output>
        </test-method> <!-- teardown -->
      </class> <!-- com.training.sanity.tests.LoginTests -->
      <class name="com.training.sanity.tests.ELTC030_LogoutTest">
        <test-method signature="clickOnRecordDropdown()[pri:0, instance:com.training.sanity.tests.ELTC030_LogoutTest@6ce139a4]" started-at="2020-03-05T13:53:06 IST" name="clickOnRecordDropdown" finished-at="2020-03-05T13:53:13 IST" duration-ms="6219" status="PASS">
          <reporter-output>
          </reporter-output>
        </test-method> <!-- clickOnRecordDropdown -->
        <test-method is-config="true" signature="teardown(org.testng.ITestResult)[pri:0, instance:com.training.sanity.tests.ELTC030_LogoutTest@6ce139a4]" started-at="2020-03-05T13:53:13 IST" name="teardown" finished-at="2020-03-05T13:53:13 IST" duration-ms="500" status="PASS">
          <params>
            <param index="0">
              <value>
                <![CDATA[[TestResult name=clickOnRecordDropdown status=SUCCESS method=ELTC030_LogoutTest.clickOnRecordDropdown()[pri:0, instance:com.training.sanity.tests.ELTC030_LogoutTest@6ce139a4] output={null}]]]>
              </value>
            </param>
          </params>
          <reporter-output>
          </reporter-output>
        </test-method> <!-- teardown -->
        <test-method signature="clickLogoutButoon()[pri:0, instance:com.training.sanity.tests.ELTC030_LogoutTest@6ce139a4]" started-at="2020-03-05T13:53:13 IST" name="clickLogoutButoon" finished-at="2020-03-05T13:53:14 IST" depends-on-methods="com.training.sanity.tests.ELTC030_LogoutTest.clickOnRecordDropdown" duration-ms="1330" status="PASS">
          <reporter-output>
          </reporter-output>
        </test-method> <!-- clickLogoutButoon -->
        <test-method is-config="true" signature="teardown(org.testng.ITestResult)[pri:0, instance:com.training.sanity.tests.ELTC030_LogoutTest@6ce139a4]" started-at="2020-03-05T13:53:14 IST" name="teardown" finished-at="2020-03-05T13:53:15 IST" duration-ms="488" status="PASS">
          <params>
            <param index="0">
              <value>
                <![CDATA[[TestResult name=clickLogoutButoon status=SUCCESS method=ELTC030_LogoutTest.clickLogoutButoon()[pri:0, instance:com.training.sanity.tests.ELTC030_LogoutTest@6ce139a4] output={null}]]]>
              </value>
            </param>
          </params>
          <reporter-output>
          </reporter-output>
        </test-method> <!-- teardown -->
      </class> <!-- com.training.sanity.tests.ELTC030_LogoutTest -->
    </test> <!-- Sample test -->
  </suite> <!-- Sample test Suite -->
</testng-results>
