<?xml version="1.0" encoding="UTF-8"?>
<testng-results ignored="0" total="14" passed="14" failed="0" skipped="0">
  <reporter-output>
  </reporter-output>
  <suite started-at="2020-02-17T11:34:29 IST" name="Sample test Suite" finished-at="2020-02-17T11:37:07 IST" duration-ms="158193">
    <groups>
    </groups>
    <test started-at="2020-02-17T11:34:29 IST" name="Sample test" finished-at="2020-02-17T11:37:07 IST" duration-ms="158193">
      <class name="com.training.sanity.tests.SubscribeUserToClass">
        <test-method signature="clickonSubscribeUserButton()[pri:0, instance:com.training.sanity.tests.SubscribeUserToClass@318ba8c8]" started-at="2020-02-17T11:35:56 IST" name="clickonSubscribeUserButton" finished-at="2020-02-17T11:36:07 IST" duration-ms="10965" status="PASS">
          <reporter-output>
          </reporter-output>
        </test-method> <!-- clickonSubscribeUserButton -->
        <test-method is-config="true" signature="teardown(org.testng.ITestResult)[pri:0, instance:com.training.sanity.tests.SubscribeUserToClass@318ba8c8]" started-at="2020-02-17T11:36:07 IST" name="teardown" finished-at="2020-02-17T11:36:08 IST" duration-ms="1398" status="PASS">
          <params>
            <param index="0">
              <value>
                <![CDATA[[TestResult name=clickonSubscribeUserButton status=SUCCESS method=SubscribeUserToClass.clickonSubscribeUserButton()[pri:0, instance:com.training.sanity.tests.SubscribeUserToClass@318ba8c8] output={null}]]]>
              </value>
            </param>
          </params>
          <reporter-output>
          </reporter-output>
        </test-method> <!-- teardown -->
        <test-method signature="selectUsers()[pri:0, instance:com.training.sanity.tests.SubscribeUserToClass@318ba8c8]" started-at="2020-02-17T11:36:08 IST" name="selectUsers" finished-at="2020-02-17T11:36:10 IST" depends-on-methods="com.training.sanity.tests.SubscribeUserToClass.clickonSubscribeUserButton" duration-ms="2274" status="PASS">
          <reporter-output>
          </reporter-output>
        </test-method> <!-- selectUsers -->
        <test-method is-config="true" signature="teardown(org.testng.ITestResult)[pri:0, instance:com.training.sanity.tests.SubscribeUserToClass@318ba8c8]" started-at="2020-02-17T11:36:10 IST" name="teardown" finished-at="2020-02-17T11:36:11 IST" duration-ms="1204" status="PASS">
          <params>
            <param index="0">
              <value>
                <![CDATA[[TestResult name=selectUsers status=SUCCESS method=SubscribeUserToClass.selectUsers()[pri:0, instance:com.training.sanity.tests.SubscribeUserToClass@318ba8c8] output={null}]]]>
              </value>
            </param>
          </params>
          <reporter-output>
          </reporter-output>
        </test-method> <!-- teardown -->
        <test-method signature="subscribeUsersToClass()[pri:0, instance:com.training.sanity.tests.SubscribeUserToClass@318ba8c8]" started-at="2020-02-17T11:36:11 IST" name="subscribeUsersToClass" finished-at="2020-02-17T11:36:24 IST" depends-on-methods="com.training.sanity.tests.SubscribeUserToClass.selectUsers" duration-ms="12883" status="PASS">
          <reporter-output>
          </reporter-output>
        </test-method> <!-- subscribeUsersToClass -->
        <test-method is-config="true" signature="teardown(org.testng.ITestResult)[pri:0, instance:com.training.sanity.tests.SubscribeUserToClass@318ba8c8]" started-at="2020-02-17T11:36:24 IST" name="teardown" finished-at="2020-02-17T11:36:26 IST" duration-ms="1480" status="PASS">
          <params>
            <param index="0">
              <value>
                <![CDATA[[TestResult name=subscribeUsersToClass status=SUCCESS method=SubscribeUserToClass.subscribeUsersToClass()[pri:0, instance:com.training.sanity.tests.SubscribeUserToClass@318ba8c8] output={null}]]]>
              </value>
            </param>
          </params>
          <reporter-output>
          </reporter-output>
        </test-method> <!-- teardown -->
      </class> <!-- com.training.sanity.tests.SubscribeUserToClass -->
      <class name="com.training.sanity.tests.RemoveClasses">
        <test-method signature="clickOnDeleteButton()[pri:0, instance:com.training.sanity.tests.RemoveClasses@3c9d0b9d]" started-at="2020-02-17T11:36:48 IST" name="clickOnDeleteButton" finished-at="2020-02-17T11:36:57 IST" duration-ms="8854" status="PASS">
          <reporter-output>
          </reporter-output>
        </test-method> <!-- clickOnDeleteButton -->
        <test-method is-config="true" signature="teardown(org.testng.ITestResult)[pri:0, instance:com.training.sanity.tests.RemoveClasses@3c9d0b9d]" started-at="2020-02-17T11:36:57 IST" name="teardown" finished-at="2020-02-17T11:36:58 IST" duration-ms="1171" status="PASS">
          <params>
            <param index="0">
              <value>
                <![CDATA[[TestResult name=clickOnDeleteButton status=SUCCESS method=RemoveClasses.clickOnDeleteButton()[pri:0, instance:com.training.sanity.tests.RemoveClasses@3c9d0b9d] output={null}]]]>
              </value>
            </param>
          </params>
          <reporter-output>
          </reporter-output>
        </test-method> <!-- teardown -->
      </class> <!-- com.training.sanity.tests.RemoveClasses -->
      <class name="com.training.sanity.tests.LoginTests">
        <test-method is-config="true" signature="setUpBeforeClass()[pri:0, instance:com.training.sanity.tests.LoginTests@63a65a25]" started-at="2020-02-17T11:34:29 IST" name="setUpBeforeClass" finished-at="2020-02-17T11:34:55 IST" duration-ms="25558" status="PASS">
          <reporter-output>
          </reporter-output>
        </test-method> <!-- setUpBeforeClass -->
        <test-method signature="validLoginTest()[pri:0, instance:com.training.sanity.tests.LoginTests@63a65a25]" started-at="2020-02-17T11:34:55 IST" name="validLoginTest" finished-at="2020-02-17T11:35:02 IST" duration-ms="7635" status="PASS">
          <reporter-output>
          </reporter-output>
        </test-method> <!-- validLoginTest -->
        <test-method is-config="true" signature="teardown(org.testng.ITestResult)[pri:0, instance:com.training.sanity.tests.LoginTests@63a65a25]" started-at="2020-02-17T11:35:02 IST" name="teardown" finished-at="2020-02-17T11:35:08 IST" duration-ms="5102" status="PASS">
          <params>
            <param index="0">
              <value>
                <![CDATA[[TestResult name=validLoginTest status=SUCCESS method=LoginTests.validLoginTest()[pri:0, instance:com.training.sanity.tests.LoginTests@63a65a25] output={null}]]]>
              </value>
            </param>
          </params>
          <reporter-output>
          </reporter-output>
        </test-method> <!-- teardown -->
      </class> <!-- com.training.sanity.tests.LoginTests -->
      <class name="com.training.sanity.tests.AddCourseToClass">
        <test-method signature="clickonSubscribeCourseButton()[pri:0, instance:com.training.sanity.tests.AddCourseToClass@6dbb137d]" started-at="2020-02-17T11:36:26 IST" name="clickonSubscribeCourseButton" finished-at="2020-02-17T11:36:32 IST" duration-ms="5692" status="PASS">
          <reporter-output>
          </reporter-output>
        </test-method> <!-- clickonSubscribeCourseButton -->
        <test-method is-config="true" signature="teardown(org.testng.ITestResult)[pri:0, instance:com.training.sanity.tests.AddCourseToClass@6dbb137d]" started-at="2020-02-17T11:36:32 IST" name="teardown" finished-at="2020-02-17T11:36:33 IST" duration-ms="1268" status="PASS">
          <params>
            <param index="0">
              <value>
                <![CDATA[[TestResult name=clickonSubscribeCourseButton status=SUCCESS method=AddCourseToClass.clickonSubscribeCourseButton()[pri:0, instance:com.training.sanity.tests.AddCourseToClass@6dbb137d] output={null}]]]>
              </value>
            </param>
          </params>
          <reporter-output>
          </reporter-output>
        </test-method> <!-- teardown -->
        <test-method signature="selectCourses()[pri:0, instance:com.training.sanity.tests.AddCourseToClass@6dbb137d]" started-at="2020-02-17T11:36:33 IST" name="selectCourses" finished-at="2020-02-17T11:36:34 IST" depends-on-methods="com.training.sanity.tests.AddCourseToClass.clickonSubscribeCourseButton" duration-ms="1368" status="PASS">
          <reporter-output>
          </reporter-output>
        </test-method> <!-- selectCourses -->
        <test-method is-config="true" signature="teardown(org.testng.ITestResult)[pri:0, instance:com.training.sanity.tests.AddCourseToClass@6dbb137d]" started-at="2020-02-17T11:36:34 IST" name="teardown" finished-at="2020-02-17T11:36:36 IST" duration-ms="1379" status="PASS">
          <params>
            <param index="0">
              <value>
                <![CDATA[[TestResult name=selectCourses status=SUCCESS method=AddCourseToClass.selectCourses()[pri:0, instance:com.training.sanity.tests.AddCourseToClass@6dbb137d] output={null}]]]>
              </value>
            </param>
          </params>
          <reporter-output>
          </reporter-output>
        </test-method> <!-- teardown -->
        <test-method signature="subscribeCoursesToClass()[pri:0, instance:com.training.sanity.tests.AddCourseToClass@6dbb137d]" started-at="2020-02-17T11:36:36 IST" name="subscribeCoursesToClass" finished-at="2020-02-17T11:36:47 IST" depends-on-methods="com.training.sanity.tests.AddCourseToClass.selectCourses" duration-ms="11135" status="PASS">
          <reporter-output>
          </reporter-output>
        </test-method> <!-- subscribeCoursesToClass -->
        <test-method is-config="true" signature="teardown(org.testng.ITestResult)[pri:0, instance:com.training.sanity.tests.AddCourseToClass@6dbb137d]" started-at="2020-02-17T11:36:47 IST" name="teardown" finished-at="2020-02-17T11:36:48 IST" duration-ms="1323" status="PASS">
          <params>
            <param index="0">
              <value>
                <![CDATA[[TestResult name=subscribeCoursesToClass status=SUCCESS method=AddCourseToClass.subscribeCoursesToClass()[pri:0, instance:com.training.sanity.tests.AddCourseToClass@6dbb137d] output={null}]]]>
              </value>
            </param>
          </params>
          <reporter-output>
          </reporter-output>
        </test-method> <!-- teardown -->
      </class> <!-- com.training.sanity.tests.AddCourseToClass -->
      <class name="com.training.sanity.tests.LogoutTest">
        <test-method signature="clickOnRecordDropdown()[pri:0, instance:com.training.sanity.tests.LogoutTest@43301423]" started-at="2020-02-17T11:36:58 IST" name="clickOnRecordDropdown" finished-at="2020-02-17T11:37:02 IST" duration-ms="3555" status="PASS">
          <reporter-output>
          </reporter-output>
        </test-method> <!-- clickOnRecordDropdown -->
        <test-method is-config="true" signature="teardown(org.testng.ITestResult)[pri:0, instance:com.training.sanity.tests.LogoutTest@43301423]" started-at="2020-02-17T11:37:02 IST" name="teardown" finished-at="2020-02-17T11:37:03 IST" duration-ms="1630" status="PASS">
          <params>
            <param index="0">
              <value>
                <![CDATA[[TestResult name=clickOnRecordDropdown status=SUCCESS method=LogoutTest.clickOnRecordDropdown()[pri:0, instance:com.training.sanity.tests.LogoutTest@43301423] output={null}]]]>
              </value>
            </param>
          </params>
          <reporter-output>
          </reporter-output>
        </test-method> <!-- teardown -->
        <test-method signature="clickLogoutButoon()[pri:0, instance:com.training.sanity.tests.LogoutTest@43301423]" started-at="2020-02-17T11:37:03 IST" name="clickLogoutButoon" finished-at="2020-02-17T11:37:06 IST" depends-on-methods="com.training.sanity.tests.LogoutTest.clickOnRecordDropdown" duration-ms="2724" status="PASS">
          <reporter-output>
          </reporter-output>
        </test-method> <!-- clickLogoutButoon -->
        <test-method is-config="true" signature="teardown(org.testng.ITestResult)[pri:0, instance:com.training.sanity.tests.LogoutTest@43301423]" started-at="2020-02-17T11:37:06 IST" name="teardown" finished-at="2020-02-17T11:37:07 IST" duration-ms="1168" status="PASS">
          <params>
            <param index="0">
              <value>
                <![CDATA[[TestResult name=clickLogoutButoon status=SUCCESS method=LogoutTest.clickLogoutButoon()[pri:0, instance:com.training.sanity.tests.LogoutTest@43301423] output={null}]]]>
              </value>
            </param>
          </params>
          <reporter-output>
          </reporter-output>
        </test-method> <!-- teardown -->
      </class> <!-- com.training.sanity.tests.LogoutTest -->
      <class name="com.training.sanity.tests.CreateClass">
        <test-method signature="clickAdminTab()[pri:0, instance:com.training.sanity.tests.CreateClass@54c562f7]" started-at="2020-02-17T11:35:08 IST" name="clickAdminTab" finished-at="2020-02-17T11:35:15 IST" duration-ms="7454" status="PASS">
          <reporter-output>
          </reporter-output>
        </test-method> <!-- clickAdminTab -->
        <test-method is-config="true" signature="teardown(org.testng.ITestResult)[pri:0, instance:com.training.sanity.tests.CreateClass@54c562f7]" started-at="2020-02-17T11:35:15 IST" name="teardown" finished-at="2020-02-17T11:35:18 IST" duration-ms="2456" status="PASS">
          <params>
            <param index="0">
              <value>
                <![CDATA[[TestResult name=clickAdminTab status=SUCCESS method=CreateClass.clickAdminTab()[pri:0, instance:com.training.sanity.tests.CreateClass@54c562f7] output={null}]]]>
              </value>
            </param>
          </params>
          <reporter-output>
          </reporter-output>
        </test-method> <!-- teardown -->
        <test-method signature="clickOnClassLink()[pri:0, instance:com.training.sanity.tests.CreateClass@54c562f7]" started-at="2020-02-17T11:35:18 IST" name="clickOnClassLink" finished-at="2020-02-17T11:35:23 IST" depends-on-methods="com.training.sanity.tests.CreateClass.clickAdminTab" duration-ms="4884" status="PASS">
          <reporter-output>
          </reporter-output>
        </test-method> <!-- clickOnClassLink -->
        <test-method is-config="true" signature="teardown(org.testng.ITestResult)[pri:0, instance:com.training.sanity.tests.CreateClass@54c562f7]" started-at="2020-02-17T11:35:23 IST" name="teardown" finished-at="2020-02-17T11:35:24 IST" duration-ms="1650" status="PASS">
          <params>
            <param index="0">
              <value>
                <![CDATA[[TestResult name=clickOnClassLink status=SUCCESS method=CreateClass.clickOnClassLink()[pri:0, instance:com.training.sanity.tests.CreateClass@54c562f7] output={null}]]]>
              </value>
            </param>
          </params>
          <reporter-output>
          </reporter-output>
        </test-method> <!-- teardown -->
        <test-method signature="clickOnAddButton()[pri:0, instance:com.training.sanity.tests.CreateClass@54c562f7]" started-at="2020-02-17T11:35:24 IST" name="clickOnAddButton" finished-at="2020-02-17T11:35:28 IST" depends-on-methods="com.training.sanity.tests.CreateClass.clickOnClassLink" duration-ms="3751" status="PASS">
          <reporter-output>
          </reporter-output>
        </test-method> <!-- clickOnAddButton -->
        <test-method is-config="true" signature="teardown(org.testng.ITestResult)[pri:0, instance:com.training.sanity.tests.CreateClass@54c562f7]" started-at="2020-02-17T11:35:28 IST" name="teardown" finished-at="2020-02-17T11:35:30 IST" duration-ms="1610" status="PASS">
          <params>
            <param index="0">
              <value>
                <![CDATA[[TestResult name=clickOnAddButton status=SUCCESS method=CreateClass.clickOnAddButton()[pri:0, instance:com.training.sanity.tests.CreateClass@54c562f7] output={null}]]]>
              </value>
            </param>
          </params>
          <reporter-output>
          </reporter-output>
        </test-method> <!-- teardown -->
        <test-method signature="enterClassDetails()[pri:0, instance:com.training.sanity.tests.CreateClass@54c562f7]" started-at="2020-02-17T11:35:30 IST" name="enterClassDetails" finished-at="2020-02-17T11:35:54 IST" depends-on-methods="com.training.sanity.tests.CreateClass.clickOnAddButton" duration-ms="23771" status="PASS">
          <reporter-output>
          </reporter-output>
        </test-method> <!-- enterClassDetails -->
        <test-method is-config="true" signature="teardown(org.testng.ITestResult)[pri:0, instance:com.training.sanity.tests.CreateClass@54c562f7]" started-at="2020-02-17T11:35:54 IST" name="teardown" finished-at="2020-02-17T11:35:56 IST" duration-ms="2050" status="PASS">
          <params>
            <param index="0">
              <value>
                <![CDATA[[TestResult name=enterClassDetails status=SUCCESS method=CreateClass.enterClassDetails()[pri:0, instance:com.training.sanity.tests.CreateClass@54c562f7] output={null}]]]>
              </value>
            </param>
          </params>
          <reporter-output>
          </reporter-output>
        </test-method> <!-- teardown -->
      </class> <!-- com.training.sanity.tests.CreateClass -->
    </test> <!-- Sample test -->
  </suite> <!-- Sample test Suite -->
</testng-results>
