<?xml version="1.0" encoding="UTF-8"?>
<!-- Generated by org.testng.reporters.JUnitXMLReporter -->
<testsuite ignored="0" hostname="DESKTOP-7ACPSIB" failures="0" tests="3" name="Default test" time="26.783" errors="0" timestamp="2020-02-16T20:02:54 IST">
  <testcase classname="com.training.sanity.tests.LoginTests" name="validLoginTest" time="3.519"/>
  <testcase classname="com.training.sanity.tests.LogoutTest" name="clickOnRecordDropdown" time="3.236"/>
  <testcase classname="com.training.sanity.tests.LogoutTest" name="clickLogoutButoon" time="1.619"/>
</testsuite> <!-- Default test -->
