<?xml version="1.0" encoding="UTF-8"?>
<!-- Generated by org.testng.reporters.JUnitXMLReporter -->
<testsuite ignored="0" hostname="DESKTOP-7ACPSIB" failures="0" tests="14" name="Sample test" time="120.679" errors="0" timestamp="2020-02-17T09:24:15 IST">
  <testcase classname="com.training.sanity.tests.LoginTests" name="validLoginTest" time="7.694"/>
  <testcase classname="com.training.sanity.tests.CreateClass" name="clickAdminTab" time="2.812"/>
  <testcase classname="com.training.sanity.tests.CreateClass" name="clickOnClassLink" time="4.012"/>
  <testcase classname="com.training.sanity.tests.CreateClass" name="clickOnAddButton" time="2.088"/>
  <testcase classname="com.training.sanity.tests.CreateClass" name="enterClassDetails" time="9.381"/>
  <testcase classname="com.training.sanity.tests.SubscribeUserToClass" name="clickonSubscribeUserButton" time="9.348"/>
  <testcase classname="com.training.sanity.tests.SubscribeUserToClass" name="selectUsers" time="1.687"/>
  <testcase classname="com.training.sanity.tests.SubscribeUserToClass" name="subscribeUsersToClass" time="11.37"/>
  <testcase classname="com.training.sanity.tests.AddCourseToClass" name="clickonSubscribeCourseButton" time="5.627"/>
  <testcase classname="com.training.sanity.tests.AddCourseToClass" name="selectCourses" time="1.61"/>
  <testcase classname="com.training.sanity.tests.AddCourseToClass" name="subscribeCoursesToClass" time="9.765"/>
  <testcase classname="com.training.sanity.tests.RemoveClasses" name="clickOnDeleteButton" time="7.99"/>
  <testcase classname="com.training.sanity.tests.LogoutTest" name="clickOnRecordDropdown" time="3.592"/>
  <testcase classname="com.training.sanity.tests.LogoutTest" name="clickLogoutButoon" time="2.53"/>
</testsuite> <!-- Sample test -->
