<?xml version="1.0" encoding="UTF-8"?>
<!-- Generated by org.testng.reporters.JUnitXMLReporter -->
<testsuite ignored="0" hostname="DESKTOP-7ACPSIB" failures="0" tests="3" name="Sample test" time="29.543" errors="0" timestamp="2020-03-05T13:53:15 IST">
  <testcase classname="com.training.sanity.tests.LoginTests" name="validLoginTest" time="3.898"/>
  <testcase classname="com.training.sanity.tests.ELTC030_LogoutTest" name="clickOnRecordDropdown" time="6.219"/>
  <testcase classname="com.training.sanity.tests.ELTC030_LogoutTest" name="clickLogoutButoon" time="1.33"/>
</testsuite> <!-- Sample test -->
